<?xml version="1.0" encoding="UTF-8"?>
<!-- Generated by org.testng.reporters.JUnitXMLReporter -->
<testsuite ignored="0" hostname="360NDCLP205" failures="0" tests="4" name="Test" time="57.648" errors="0" timestamp="2023-06-03T17:08:37 GMT+05:30">
  <testcase classname="scripts.FirstTestNGClass" name="testAllGoogleLink" time="1.273"/>
  <testcase classname="scripts.FlipkartLinkElement" name="allLinkElements" time="16.579"/>
  <testcase classname="scripts.cookbookTestNG" name="cookbook" time="0.472"/>
  <testcase classname="scripts.wikipediaTestNG" name="wikipedia" time="5.21"/>
</testsuite> <!-- Test -->
