<?xml version="1.0" encoding="UTF-8"?>
<testng-results ignored="0" total="1" passed="1" failed="0" skipped="0">
  <reporter-output>
  </reporter-output>
  <suite started-at="2023-07-18T06:34:31Z" name="Default suite" finished-at="2023-07-18T06:34:41Z" duration-ms="10178">
    <groups>
    </groups>
    <test started-at="2023-07-18T06:34:31Z" name="Default test" finished-at="2023-07-18T06:34:41Z" duration-ms="10178">
      <class name="scripts.FirstTestNGClass">
        <test-method is-config="true" signature="beforeMethod()[pri:0, instance:scripts.FirstTestNGClass@1c5920df]" started-at="2023-07-18T06:34:31Z" name="beforeMethod" finished-at="2023-07-18T06:34:38Z" duration-ms="7243" status="PASS">
          <reporter-output>
          </reporter-output>
        </test-method> <!-- beforeMethod -->
        <test-method signature="testAllGoogleLink()[pri:0, instance:scripts.FirstTestNGClass@1c5920df]" started-at="2023-07-18T06:34:38Z" name="testAllGoogleLink" finished-at="2023-07-18T06:34:40Z" duration-ms="1185" status="PASS">
          <reporter-output>
          </reporter-output>
        </test-method> <!-- testAllGoogleLink -->
        <test-method is-config="true" signature="afterMethod()[pri:0, instance:scripts.FirstTestNGClass@1c5920df]" started-at="2023-07-18T06:34:40Z" name="afterMethod" finished-at="2023-07-18T06:34:41Z" duration-ms="1705" status="PASS">
          <reporter-output>
          </reporter-output>
        </test-method> <!-- afterMethod -->
      </class> <!-- scripts.FirstTestNGClass -->
    </test> <!-- Default test -->
  </suite> <!-- Default suite -->
</testng-results>
